[debug] [2023-04-27T17:02:45.197Z] ----------------------------------------------------------------------
[debug] [2023-04-27T17:02:45.198Z] Command:       /usr/local/bin/node /usr/local/bin/firebase deploy
[debug] [2023-04-27T17:02:45.199Z] CLI Version:   11.0.1
[debug] [2023-04-27T17:02:45.199Z] Platform:      linux
[debug] [2023-04-27T17:02:45.199Z] Node Version:  v16.15.0
[debug] [2023-04-27T17:02:45.199Z] Time:          Thu Apr 27 2023 22:47:45 GMT+0545 (Nepal Time)
[debug] [2023-04-27T17:02:45.199Z] ----------------------------------------------------------------------
[debug] 
[debug] [2023-04-27T17:02:45.244Z] > command requires scopes: ["email","openid","https://www.googleapis.com/auth/cloudplatformprojects.readonly","https://www.googleapis.com/auth/firebase","https://www.googleapis.com/auth/cloud-platform"]
[debug] [2023-04-27T17:02:45.244Z] > authorizing via signed-in user (yaman.sarabariya@gmail.com)
[debug] [2023-04-27T17:02:45.244Z] [iam] checking project meroshare-pro for permissions ["firebase.projects.get","firebasehosting.sites.update"]
[debug] [2023-04-27T17:02:45.246Z] >>> [apiv2][query] POST https://cloudresourcemanager.googleapis.com/v1/projects/meroshare-pro:testIamPermissions [none]
[debug] [2023-04-27T17:02:45.246Z] >>> [apiv2][body] POST https://cloudresourcemanager.googleapis.com/v1/projects/meroshare-pro:testIamPermissions {"permissions":["firebase.projects.get","firebasehosting.sites.update"]}
[debug] [2023-04-27T17:02:46.985Z] <<< [apiv2][status] POST https://cloudresourcemanager.googleapis.com/v1/projects/meroshare-pro:testIamPermissions 200
[debug] [2023-04-27T17:02:46.985Z] <<< [apiv2][body] POST https://cloudresourcemanager.googleapis.com/v1/projects/meroshare-pro:testIamPermissions {"permissions":["firebase.projects.get","firebasehosting.sites.update"]}
[debug] [2023-04-27T17:02:46.987Z] >>> [apiv2][query] GET https://firebase.googleapis.com/v1beta1/projects/meroshare-pro [none]
[debug] [2023-04-27T17:02:48.011Z] <<< [apiv2][status] GET https://firebase.googleapis.com/v1beta1/projects/meroshare-pro 200
[debug] [2023-04-27T17:02:48.012Z] <<< [apiv2][body] GET https://firebase.googleapis.com/v1beta1/projects/meroshare-pro {"projectId":"meroshare-pro","projectNumber":"416042286483","displayName":"meroshare-pro","name":"projects/meroshare-pro","resources":{"hostingSite":"meroshare-pro"},"state":"ACTIVE","etag":"1_302d9114-11fb-4ce2-b855-8ffe74bce4bc"}
[info] 
[info] === Deploying to 'meroshare-pro'...
[info] 
[info] i  deploying hosting 
[debug] [2023-04-27T17:02:48.015Z] >>> [apiv2][query] GET https://firebase.googleapis.com/v1beta1/projects/meroshare-pro [none]
[debug] [2023-04-27T17:02:48.821Z] <<< [apiv2][status] GET https://firebase.googleapis.com/v1beta1/projects/meroshare-pro 200
[debug] [2023-04-27T17:02:48.821Z] <<< [apiv2][body] GET https://firebase.googleapis.com/v1beta1/projects/meroshare-pro {"projectId":"meroshare-pro","projectNumber":"416042286483","displayName":"meroshare-pro","name":"projects/meroshare-pro","resources":{"hostingSite":"meroshare-pro"},"state":"ACTIVE","etag":"1_302d9114-11fb-4ce2-b855-8ffe74bce4bc"}
[debug] [2023-04-27T17:02:48.823Z] >>> [apiv2][query] POST https://firebasehosting.googleapis.com/v1beta1/projects/416042286483/sites/meroshare-pro/versions [none]
[debug] [2023-04-27T17:02:48.824Z] >>> [apiv2][body] POST https://firebasehosting.googleapis.com/v1beta1/projects/416042286483/sites/meroshare-pro/versions {"config":{},"labels":{"deployment-tool":"cli-firebase"}}
[debug] [2023-04-27T17:02:50.672Z] <<< [apiv2][status] POST https://firebasehosting.googleapis.com/v1beta1/projects/416042286483/sites/meroshare-pro/versions 200
[debug] [2023-04-27T17:02:50.672Z] <<< [apiv2][body] POST https://firebasehosting.googleapis.com/v1beta1/projects/416042286483/sites/meroshare-pro/versions {"name":"projects/416042286483/sites/meroshare-pro/versions/3739d4f694615644","status":"CREATED","config":{},"labels":{"deployment-tool":"cli-firebase"}}
[info] i  hosting[meroshare-pro]: beginning deploy... 
[info] i  hosting[meroshare-pro]: found 15 files in build 
[debug] [2023-04-27T17:02:50.684Z] [hosting] uploading with 200 concurrency
